<?xml version="1.0" encoding="UTF-8"?>
<testsuite name="com.example.programmerauction.domain.UserTest" tests="1" skipped="0" failures="0" errors="0" timestamp="2022-11-23T05:30:44" hostname="jognhoocBookPro.kornet" time="0.065">
  <properties/>
  <testcase name="프로필 설정" classname="com.example.programmerauction.domain.UserTest" time="0.065"/>
  <system-out><![CDATA[]]></system-out>
  <system-err><![CDATA[]]></system-err>
</testsuite>
